<?xml version="1.0" encoding="UTF-8"?>
<!-- Generated by org.testng.reporters.JUnitXMLReporter -->
<testsuite ignored="0" hostname="LAPTOP-1KHN4IUS" failures="0" tests="3" name="Test" time="43.502" errors="0" timestamp="2022-10-17T22:24:48 IST">
  <testcase classname="com.Open_MRS.testLayer.LoginPageTestCase" name="login" time="15.09"/>
  <testcase classname="com.Open_MRS.testLayer.FindPatientRecordTestCase" name="findPatientRecord" time="28.243"/>
  <testcase classname="com.Open_MRS.testLayer.AttachmentsTestCase" name="attachmentTestCase" time="0.085"/>
</testsuite> <!-- Test -->
