<?xml version="1.0" encoding="UTF-8"?>
<testng-results ignored="0" total="3" passed="3" failed="0" skipped="0">
  <reporter-output>
  </reporter-output>
  <suite started-at="2022-10-17T22:24:04 IST" name="Suite" finished-at="2022-10-17T22:24:48 IST" duration-ms="43502">
    <groups>
    </groups>
    <test started-at="2022-10-17T22:24:04 IST" name="Test" finished-at="2022-10-17T22:24:48 IST" duration-ms="43502">
      <class name="com.Open_MRS.testLayer.LoginPageTestCase">
        <test-method signature="login()[pri:0, instance:com.Open_MRS.testLayer.LoginPageTestCase@48ae9b55]" started-at="2022-10-17T22:24:04 IST" name="login" finished-at="2022-10-17T22:24:19 IST" duration-ms="15090" status="PASS">
          <reporter-output>
          </reporter-output>
        </test-method> <!-- login -->
      </class> <!-- com.Open_MRS.testLayer.LoginPageTestCase -->
      <class name="com.Open_MRS.testLayer.FindPatientRecordTestCase">
        <test-method signature="findPatientRecord()[pri:0, instance:com.Open_MRS.testLayer.FindPatientRecordTestCase@76508ed1]" started-at="2022-10-17T22:24:19 IST" name="findPatientRecord" finished-at="2022-10-17T22:24:48 IST" duration-ms="28243" status="PASS">
          <reporter-output>
          </reporter-output>
        </test-method> <!-- findPatientRecord -->
      </class> <!-- com.Open_MRS.testLayer.FindPatientRecordTestCase -->
      <class name="com.Open_MRS.testLayer.AttachmentsTestCase">
        <test-method signature="attachmentTestCase()[pri:0, instance:com.Open_MRS.testLayer.AttachmentsTestCase@41e36e46]" started-at="2022-10-17T22:24:48 IST" name="attachmentTestCase" finished-at="2022-10-17T22:24:48 IST" duration-ms="85" status="PASS">
          <reporter-output>
          </reporter-output>
        </test-method> <!-- attachmentTestCase -->
      </class> <!-- com.Open_MRS.testLayer.AttachmentsTestCase -->
    </test> <!-- Test -->
  </suite> <!-- Suite -->
</testng-results>
